----------------------------------------------------------------
2013-10-12 15:29:28.419 GMT:
 Booting Derby version The Apache Software Foundation - Apache Derby - 10.4.2.0 - (689064): instance a816c00e-0141-ad49-5bc8-000006c0cb60
on database directory C:\Users\Tekchen\Documents\GitHub\adrd\impala-fe\metastore_db  

Database Class Loader started - derby.database.classpath=''
2013-10-12 15:29:29.374 GMT Thread[main,5,main] (XID = 679), (SESSIONID = 0), (DATABASE = metastore_db), (DRDAID = null), Cleanup action starting
2013-10-12 15:29:29.374 GMT Thread[main,5,main] (XID = 679), (SESSIONID = 0), (DATABASE = metastore_db), (DRDAID = null), Failed Statement is: DROP FUNCTION NUCLEUS_ASCII
java.lang.NullPointerException
	at java.io.StringReader.<init>(StringReader.java:50)
	at org.apache.derby.impl.services.uuid.BasicUUID.<init>(Unknown Source)
	at org.apache.derby.impl.services.uuid.BasicUUIDFactory.recreateUUID(Unknown Source)
	at org.apache.derby.impl.sql.catalog.SYSALIASESRowFactory.buildDescriptor(Unknown Source)
	at org.apache.derby.impl.sql.catalog.DataDictionaryImpl.getDescriptorViaIndexMinion(Unknown Source)
	at org.apache.derby.impl.sql.catalog.DataDictionaryImpl.getDescriptorViaIndex(Unknown Source)
	at org.apache.derby.impl.sql.catalog.DataDictionaryImpl.getAliasDescriptor(Unknown Source)
	at org.apache.derby.impl.sql.compile.DropAliasNode.bindStatement(Unknown Source)
	at org.apache.derby.impl.sql.GenericStatement.prepMinion(Unknown Source)
	at org.apache.derby.impl.sql.GenericStatement.prepare(Unknown Source)
	at org.apache.derby.impl.sql.conn.GenericLanguageConnectionContext.prepareInternalStatement(Unknown Source)
	at org.apache.derby.impl.jdbc.EmbedStatement.execute(Unknown Source)
	at org.apache.derby.impl.jdbc.EmbedStatement.execute(Unknown Source)
	at org.apache.commons.dbcp.DelegatingStatement.execute(DelegatingStatement.java:264)
	at org.apache.commons.dbcp.DelegatingStatement.execute(DelegatingStatement.java:264)
	at org.datanucleus.store.rdbms.adapter.DerbyAdapter.initialiseDatastore(DerbyAdapter.java:121)
	at org.datanucleus.store.rdbms.RDBMSStoreManager.initialiseSchema(RDBMSStoreManager.java:800)
	at org.datanucleus.store.rdbms.RDBMSStoreManager.<init>(RDBMSStoreManager.java:381)
	at sun.reflect.NativeConstructorAccessorImpl.newInstance0(Native Method)
	at sun.reflect.NativeConstructorAccessorImpl.newInstance(NativeConstructorAccessorImpl.java:57)
	at sun.reflect.DelegatingConstructorAccessorImpl.newInstance(DelegatingConstructorAccessorImpl.java:45)
	at java.lang.reflect.Constructor.newInstance(Constructor.java:525)
	at org.datanucleus.plugin.NonManagedPluginRegistry.createExecutableExtension(NonManagedPluginRegistry.java:588)
	at org.datanucleus.plugin.PluginManager.createExecutableExtension(PluginManager.java:300)
	at org.datanucleus.ObjectManagerFactoryImpl.initialiseStoreManager(ObjectManagerFactoryImpl.java:161)
	at org.datanucleus.jdo.JDOPersistenceManagerFactory.freezeConfiguration(JDOPersistenceManagerFactory.java:583)
	at org.datanucleus.jdo.JDOPersistenceManagerFactory.createPersistenceManagerFactory(JDOPersistenceManagerFactory.java:286)
	at org.datanucleus.jdo.JDOPersistenceManagerFactory.getPersistenceManagerFactory(JDOPersistenceManagerFactory.java:182)
	at sun.reflect.NativeMethodAccessorImpl.invoke0(Native Method)
	at sun.reflect.NativeMethodAccessorImpl.invoke(NativeMethodAccessorImpl.java:57)
	at sun.reflect.DelegatingMethodAccessorImpl.invoke(DelegatingMethodAccessorImpl.java:43)
	at java.lang.reflect.Method.invoke(Method.java:601)
	at javax.jdo.JDOHelper$16.run(JDOHelper.java:1956)
	at java.security.AccessController.doPrivileged(Native Method)
	at javax.jdo.JDOHelper.invoke(JDOHelper.java:1951)
	at javax.jdo.JDOHelper.invokeGetPersistenceManagerFactoryOnImplementation(JDOHelper.java:1159)
	at javax.jdo.JDOHelper.getPersistenceManagerFactory(JDOHelper.java:803)
	at javax.jdo.JDOHelper.getPersistenceManagerFactory(JDOHelper.java:698)
	at org.apache.hadoop.hive.metastore.ObjectStore.getPMF(ObjectStore.java:262)
	at org.apache.hadoop.hive.metastore.ObjectStore.getPersistenceManager(ObjectStore.java:291)
	at org.apache.hadoop.hive.metastore.ObjectStore.initialize(ObjectStore.java:224)
	at org.apache.hadoop.hive.metastore.ObjectStore.setConf(ObjectStore.java:199)
	at org.apache.hadoop.util.ReflectionUtils.setConf(ReflectionUtils.java:70)
	at org.apache.hadoop.util.ReflectionUtils.newInstance(ReflectionUtils.java:130)
	at org.apache.hadoop.hive.metastore.RetryingRawStore.<init>(RetryingRawStore.java:62)
	at org.apache.hadoop.hive.metastore.RetryingRawStore.getProxy(RetryingRawStore.java:71)
	at org.apache.hadoop.hive.metastore.HiveMetaStore$HMSHandler.newRawStore(HiveMetaStore.java:404)
	at org.apache.hadoop.hive.metastore.HiveMetaStore$HMSHandler.getMS(HiveMetaStore.java:392)
	at org.apache.hadoop.hive.metastore.HiveMetaStore$HMSHandler.createDefaultDB(HiveMetaStore.java:430)
	at org.apache.hadoop.hive.metastore.HiveMetaStore$HMSHandler.init(HiveMetaStore.java:324)
	at org.apache.hadoop.hive.metastore.HiveMetaStore$HMSHandler.<init>(HiveMetaStore.java:285)
	at org.apache.hadoop.hive.metastore.RetryingHMSHandler.<init>(RetryingHMSHandler.java:56)
	at org.apache.hadoop.hive.metastore.RetryingHMSHandler.getProxy(RetryingHMSHandler.java:61)
	at org.apache.hadoop.hive.metastore.HiveMetaStore.newHMSHandler(HiveMetaStore.java:4010)
	at org.apache.hadoop.hive.metastore.HiveMetaStoreClient.<init>(HiveMetaStoreClient.java:120)
	at org.apache.hadoop.hive.metastore.HiveMetaStoreClient.<init>(HiveMetaStoreClient.java:103)
	at com.cloudera.impala.catalog.MetaStoreClientPool.createHiveClient(MetaStoreClientPool.java:154)
	at com.cloudera.impala.catalog.MetaStoreClientPool.access$2(MetaStoreClientPool.java:146)
	at com.cloudera.impala.catalog.MetaStoreClientPool$MetaStoreClient.<init>(MetaStoreClientPool.java:51)
	at com.cloudera.impala.catalog.MetaStoreClientPool$MetaStoreClient.<init>(MetaStoreClientPool.java:48)
	at com.cloudera.impala.catalog.MetaStoreClientPool.addClients(MetaStoreClientPool.java:105)
	at com.cloudera.impala.catalog.Catalog.<init>(Catalog.java:111)
	at com.cloudera.impala.catalog.Catalog.<init>(Catalog.java:141)
	at com.cloudera.impala.planner.Planner.main(Planner.java:96)
Cleanup action completed
